-------------------------------------------------------------------------------
Test set: hudson.security.HudsonPrivateSecurityRealmTest
-------------------------------------------------------------------------------
Tests run: 1, Failures: 0, Errors: 1, Skipped: 0, Time elapsed: 8.305 sec <<< FAILURE!
testDataCompatibilityWith1_282(hudson.security.HudsonPrivateSecurityRealmTest)  Time elapsed: 8.299 sec  <<< ERROR!
java.lang.AssertionError: AJAX request to WebRequestSettings[<url="http://localhost:49281/user/alice/viewExistsCheck?value=My%20Jobs", GET, EncodingType[name=application/x-www-form-urlencoded], [], {X-Requested-With=XMLHttpRequest, Referer=http://localhost:49281/user/alice/configure, X-Prototype-Version=1.5.1.1, Accept=text/javascript, text/html, application/xml, text/xml, */*}, com.gargoylesoftware.htmlunit.DefaultCredentialsProvider@283bbb6>]failed.
code=404 Not Found
<html><body>
<h1>404 Not Found</h1>
<p>Stapler processed this HTTP request as follows, but couldn't find the resource to consume the request
<pre>
-> evaluate(&lt;hudson.model.Hudson@6576e542> :hudson.model.Hudson,"/user/alice/viewExistsCheck")
-> evaluate(((StaplerProxy)&lt;hudson.model.Hudson@6576e542>).getTarget(),"/user/alice/viewExistsCheck")
-> evaluate(&lt;hudson.model.Hudson@6576e542>.getUser("alice"),"/viewExistsCheck")
-> evaluate(&lt;alice> :hudson.model.User,"/viewExistsCheck")
-> evaluate(&lt;alice>.getDynamic("viewExistsCheck",...),"")
            alice.getDynamic("viewExistsCheck",...)==null. Back tracking.
<font color=red>-&gt; No matching rule was found on &lt;alice&gt; for "/viewExistsCheck"</font>
</pre>
<p>&lt;alice&gt; has the following URL mappings, in the order of preference:<ol>
<li>
hudson.model.User.doSubmitDescription(...) for url=/submitDescription/...
<li>
hudson.model.User.doConfigSubmit(...) for url=/configSubmit/...
<li>
hudson.model.User.doRssAll(...) for url=/rssAll/...
<li>
hudson.model.User.doRssFailed(...) for url=/rssFailed/...
<li>
TOKEN.jelly for url=/TOKEN/...
<li>
hudson.model.User.FEED_ADAPTER for url=/FEED_ADAPTER/...
<li>
hudson.model.Saveable.NOOP for url=/NOOP/...
<li>
hudson.model.User.getProperties() for url=/properties/...
<li>
hudson.model.User.getId() for url=/id/...
<li>
hudson.model.User.getDisplayName() for url=/displayName/...
<li>
hudson.model.User.getUrl() for url=/url/...
<li>
hudson.model.User.getAll() for url=/all/...
<li>
hudson.model.User.getSearchUrl() for url=/searchUrl/...
<li>
hudson.model.User.getACL() for url=/aCL/...
<li>
hudson.model.User.getDescription() for url=/description/...
<li>
hudson.model.User.getApi() for url=/api/...
<li>
hudson.model.User.getAbsoluteUrl() for url=/absoluteUrl/...
<li>
hudson.model.User.getFullName() for url=/fullName/...
<li>
hudson.model.User.getProjects() for url=/projects/...
<li>
hudson.model.User.getBuilds() for url=/builds/...
<li>
hudson.model.User.getAllProperties() for url=/allProperties/...
<li>
hudson.model.User.getUnknown() for url=/unknown/...
<li>
hudson.model.AbstractModelObject.getSearchIndex() for url=/searchIndex/...
<li>
hudson.model.AbstractModelObject.getSearch() for url=/search/...
<li>
hudson.model.AbstractModelObject.getSearchName() for url=/searchName/...
<li>
java.lang.Object.getClass() for url=/class/...
<li>
hudson.model.User.getDynamic(String) for url=/dynamic/TOKEN/...
<li>
hudson.model.User.getDynamic(String,StaplerRequest,StaplerResponse) for url=/TOKEN/...
</ol>
</body></html>
	at com.gargoylesoftware.htmlunit.javascript.host.XMLHttpRequest.doSend(XMLHttpRequest.java:413)
	at com.gargoylesoftware.htmlunit.javascript.host.XMLHttpRequest.jsxFunction_send(XMLHttpRequest.java:351)
	at sun.reflect.GeneratedMethodAccessor117.invoke(Unknown Source)
	at sun.reflect.DelegatingMethodAccessorImpl.invoke(DelegatingMethodAccessorImpl.java:25)
	at java.lang.reflect.Method.invoke(Method.java:597)
	at org.mozilla.javascript.MemberBox.invoke(MemberBox.java:161)
	at org.mozilla.javascript.FunctionObject.call(FunctionObject.java:478)
	at org.mozilla.javascript.Interpreter.interpretLoop(Interpreter.java:3369)
	at org.mozilla.javascript.Interpreter.interpret(Interpreter.java:2518)
	at org.mozilla.javascript.InterpretedFunction.call(InterpretedFunction.java:164)
	at org.mozilla.javascript.ContextFactory.doTopCall(ContextFactory.java:401)
	at com.gargoylesoftware.htmlunit.javascript.HtmlUnitContextFactory.doTopCall(HtmlUnitContextFactory.java:169)
	at org.mozilla.javascript.ScriptRuntime.doTopCall(ScriptRuntime.java:3004)
	at org.mozilla.javascript.InterpretedFunction.call(InterpretedFunction.java:162)
	at com.gargoylesoftware.htmlunit.javascript.JavaScriptEngine.callFunction(JavaScriptEngine.java:465)
	at com.gargoylesoftware.htmlunit.javascript.JavaScriptEngine$6.doRun(JavaScriptEngine.java:430)
	at com.gargoylesoftware.htmlunit.javascript.JavaScriptEngine$HtmlUnitContextAction.run(JavaScriptEngine.java:522)
	at org.mozilla.javascript.Context.call(Context.java:502)
	at org.mozilla.javascript.ContextFactory.call(ContextFactory.java:511)
	at com.gargoylesoftware.htmlunit.javascript.JavaScriptEngine.callFunction(JavaScriptEngine.java:437)
	at com.gargoylesoftware.htmlunit.html.HtmlPage.executeJavaScriptFunctionIfPossible(HtmlPage.java:909)
	at com.gargoylesoftware.htmlunit.javascript.host.EventListenersContainer.executeEventHandler(EventListenersContainer.java:143)
	at com.gargoylesoftware.htmlunit.javascript.host.EventListenersContainer.executeBubblingListeners(EventListenersContainer.java:156)
	at com.gargoylesoftware.htmlunit.javascript.host.Node.fireEvent(Node.java:561)
	at com.gargoylesoftware.htmlunit.html.HtmlElement$2.run(HtmlElement.java:1239)
	at org.mozilla.javascript.Context.call(Context.java:502)
	at org.mozilla.javascript.ContextFactory.call(ContextFactory.java:511)
	at com.gargoylesoftware.htmlunit.html.HtmlElement.fireEvent(HtmlElement.java:1243)
	at com.gargoylesoftware.htmlunit.html.HtmlPage.executeEventHandlersIfNeeded(HtmlPage.java:1149)
	at com.gargoylesoftware.htmlunit.html.HtmlPage.initialize(HtmlPage.java:160)
	at com.gargoylesoftware.htmlunit.WebClient.loadWebResponseInto(WebClient.java:455)
	at com.gargoylesoftware.htmlunit.WebClient.getPage(WebClient.java:340)
	at com.gargoylesoftware.htmlunit.WebClient.getPage(WebClient.java:390)
	at com.gargoylesoftware.htmlunit.WebClient.getPage(WebClient.java:377)
	at org.jvnet.hudson.test.HudsonTestCase$WebClient.goTo(HudsonTestCase.java:919)
	at org.jvnet.hudson.test.HudsonTestCase$WebClient.goTo(HudsonTestCase.java:910)
	at hudson.security.HudsonPrivateSecurityRealmTest.testDataCompatibilityWith1_282(HudsonPrivateSecurityRealmTest.java:32)

